[[1;34mINFO[m] Scanning for projects...
[[1;34mINFO[m] 
[[1;34mINFO[m] [1m----------------------< [0;36mcom.healthfirst:provider[0;1m >----------------------[m
[[1;34mINFO[m] [1mBuilding ProviderService 0.0.1-SNAPSHOT[m
[[1;34mINFO[m] [1m--------------------------------[ jar ]---------------------------------[m
[[1;34mINFO[m] 
[[1;34mINFO[m] [1m>>> [0;32mspring-boot-maven-plugin:3.5.4:run[m [1m(default-cli)[0;1m > [0;1mtest-compile[m @ [36mprovider[0;1m >>>[m
[[1;34mINFO[m] 
[[1;34mINFO[m] [1m--- [0;32mmaven-resources-plugin:3.3.1:resources[m [1m(default-resources)[m @ [36mprovider[0;1m ---[m
[[1;34mINFO[m] Copying 1 resource from src/main/resources to target/classes
[[1;34mINFO[m] Copying 0 resource from src/main/resources to target/classes
[[1;34mINFO[m] 
[[1;34mINFO[m] [1m--- [0;32mmaven-compiler-plugin:3.14.0:compile[m [1m(default-compile)[m @ [36mprovider[0;1m ---[m
[[1;34mINFO[m] Nothing to compile - all classes are up to date.
[[1;34mINFO[m] 
[[1;34mINFO[m] [1m--- [0;32mmaven-resources-plugin:3.3.1:testResources[m [1m(default-testResources)[m @ [36mprovider[0;1m ---[m
[[1;34mINFO[m] skip non existing resourceDirectory /home/ttpl-lnv14-04/Documents/Project/Client/AICursor/provider/java-node-ai-suit-18/health-first-server/src/test/resources
[[1;34mINFO[m] 
[[1;34mINFO[m] [1m--- [0;32mmaven-compiler-plugin:3.14.0:testCompile[m [1m(default-testCompile)[m @ [36mprovider[0;1m ---[m
[[1;34mINFO[m] Nothing to compile - all classes are up to date.
[[1;34mINFO[m] 
[[1;34mINFO[m] [1m<<< [0;32mspring-boot-maven-plugin:3.5.4:run[m [1m(default-cli)[0;1m < [0;1mtest-compile[m @ [36mprovider[0;1m <<<[m
[[1;34mINFO[m] 
[[1;34mINFO[m] 
[[1;34mINFO[m] [1m--- [0;32mspring-boot-maven-plugin:3.5.4:run[m [1m(default-cli)[m @ [36mprovider[0;1m ---[m
[[1;34mINFO[m] Attaching agents: []

  .   ____          _            __ _ _
 /\\ / ___'_ __ _ _(_)_ __  __ _ \ \ \ \
( ( )\___ | '_ | '_| | '_ \/ _` | \ \ \ \
 \\/  ___)| |_)| | | | | || (_| |  ) ) ) )
  '  |____| .__|_| |_|_| |_\__, | / / / /
 =========|_|==============|___/=/_/_/_/

 :: Spring Boot ::                (v3.5.4)

2025-08-08T16:50:09.210+05:30  INFO 30280 --- [ProviderService] [           main] c.h.provider.ProviderServiceApplication  : Starting ProviderServiceApplication using Java 17.0.15 with PID 30280 (/home/ttpl-lnv14-04/Documents/Project/Client/AICursor/provider/java-node-ai-suit-18/health-first-server/target/classes started by ttpl-lnv14-04 in /home/ttpl-lnv14-04/Documents/Project/Client/AICursor/provider/java-node-ai-suit-18/health-first-server)
2025-08-08T16:50:09.212+05:30  INFO 30280 --- [ProviderService] [           main] c.h.provider.ProviderServiceApplication  : No active profile set, falling back to 1 default profile: "default"
2025-08-08T16:50:09.954+05:30  INFO 30280 --- [ProviderService] [           main] .s.d.r.c.RepositoryConfigurationDelegate : Bootstrapping Spring Data JPA repositories in DEFAULT mode.
2025-08-08T16:50:10.015+05:30  INFO 30280 --- [ProviderService] [           main] .s.d.r.c.RepositoryConfigurationDelegate : Finished Spring Data repository scanning in 52 ms. Found 4 JPA repository interfaces.
2025-08-08T16:50:10.559+05:30  INFO 30280 --- [ProviderService] [           main] o.s.b.w.embedded.tomcat.TomcatWebServer  : Tomcat initialized with port 8087 (http)
2025-08-08T16:50:10.570+05:30  INFO 30280 --- [ProviderService] [           main] o.apache.catalina.core.StandardService   : Starting service [Tomcat]
2025-08-08T16:50:10.571+05:30  INFO 30280 --- [ProviderService] [           main] o.apache.catalina.core.StandardEngine    : Starting Servlet engine: [Apache Tomcat/10.1.43]
2025-08-08T16:50:10.613+05:30  INFO 30280 --- [ProviderService] [           main] o.a.c.c.C.[Tomcat].[localhost].[/]       : Initializing Spring embedded WebApplicationContext
2025-08-08T16:50:10.614+05:30  INFO 30280 --- [ProviderService] [           main] w.s.c.ServletWebServerApplicationContext : Root WebApplicationContext: initialization completed in 1362 ms
2025-08-08T16:50:10.726+05:30  INFO 30280 --- [ProviderService] [           main] o.hibernate.jpa.internal.util.LogHelper  : HHH000204: Processing PersistenceUnitInfo [name: default]
2025-08-08T16:50:10.775+05:30  INFO 30280 --- [ProviderService] [           main] org.hibernate.Version                    : HHH000412: Hibernate ORM core version 6.6.22.Final
2025-08-08T16:50:10.810+05:30  INFO 30280 --- [ProviderService] [           main] o.h.c.internal.RegionFactoryInitiator    : HHH000026: Second-level cache disabled
2025-08-08T16:50:11.096+05:30  INFO 30280 --- [ProviderService] [           main] o.s.o.j.p.SpringPersistenceUnitInfo      : No LoadTimeWeaver setup: ignoring JPA class transformer
2025-08-08T16:50:11.127+05:30  INFO 30280 --- [ProviderService] [           main] com.zaxxer.hikari.HikariDataSource       : HikariPool-1 - Starting...
2025-08-08T16:50:11.318+05:30  INFO 30280 --- [ProviderService] [           main] com.zaxxer.hikari.pool.HikariPool        : HikariPool-1 - Added connection conn0: url=jdbc:h2:mem:providerdb user=SA
2025-08-08T16:50:11.320+05:30  INFO 30280 --- [ProviderService] [           main] com.zaxxer.hikari.HikariDataSource       : HikariPool-1 - Start completed.
2025-08-08T16:50:11.350+05:30  WARN 30280 --- [ProviderService] [           main] org.hibernate.orm.deprecation            : HHH90000025: H2Dialect does not need to be specified explicitly using 'hibernate.dialect' (remove the property setting and it will be selected by default)
2025-08-08T16:50:11.372+05:30  INFO 30280 --- [ProviderService] [           main] org.hibernate.orm.connections.pooling    : HHH10001005: Database info:
	Database JDBC URL [Connecting through datasource 'HikariDataSource (HikariPool-1)']
	Database driver: undefined/unknown
	Database version: 2.3.232
	Autocommit mode: undefined/unknown
	Isolation level: undefined/unknown
	Minimum pool size: undefined/unknown
	Maximum pool size: undefined/unknown
2025-08-08T16:50:12.321+05:30  INFO 30280 --- [ProviderService] [           main] o.h.e.t.j.p.i.JtaPlatformInitiator       : HHH000489: No JTA platform available (set 'hibernate.transaction.jta.platform' to enable JTA platform integration)
2025-08-08T16:50:12.397+05:30  INFO 30280 --- [ProviderService] [           main] j.LocalContainerEntityManagerFactoryBean : Initialized JPA EntityManagerFactory for persistence unit 'default'
2025-08-08T16:50:12.970+05:30  INFO 30280 --- [ProviderService] [           main] o.s.d.j.r.query.QueryEnhancerFactory     : Hibernate is in classpath; If applicable, HQL parser will be used.
2025-08-08T16:50:13.892+05:30  WARN 30280 --- [ProviderService] [           main] JpaBaseConfiguration$JpaWebConfiguration : spring.jpa.open-in-view is enabled by default. Therefore, database queries may be performed during view rendering. Explicitly configure spring.jpa.open-in-view to disable this warning
2025-08-08T16:50:14.086+05:30  WARN 30280 --- [ProviderService] [           main] .s.s.UserDetailsServiceAutoConfiguration : 

Using generated security password: 78d56664-5e25-41ae-b36a-e8a87cc801f1

This generated password is for development use only. Your security configuration must be updated before running your application in production.

2025-08-08T16:50:14.094+05:30  INFO 30280 --- [ProviderService] [           main] r$InitializeUserDetailsManagerConfigurer : Global AuthenticationManager configured with UserDetailsService bean with name inMemoryUserDetailsManager
2025-08-08T16:50:14.373+05:30  INFO 30280 --- [ProviderService] [           main] o.s.b.a.h2.H2ConsoleAutoConfiguration    : H2 console available at '/h2-console'. Database available at 'jdbc:h2:mem:providerdb'
2025-08-08T16:50:14.438+05:30  INFO 30280 --- [ProviderService] [           main] o.s.b.w.embedded.tomcat.TomcatWebServer  : Tomcat started on port 8087 (http) with context path '/'
2025-08-08T16:50:14.449+05:30  INFO 30280 --- [ProviderService] [           main] c.h.provider.ProviderServiceApplication  : Started ProviderServiceApplication in 5.601 seconds (process running for 5.848)
2025-08-08T16:50:27.347+05:30  INFO 30280 --- [ProviderService] [nio-8087-exec-1] o.a.c.c.C.[Tomcat].[localhost].[/]       : Initializing Spring DispatcherServlet 'dispatcherServlet'
2025-08-08T16:50:27.348+05:30  INFO 30280 --- [ProviderService] [nio-8087-exec-1] o.s.web.servlet.DispatcherServlet        : Initializing Servlet 'dispatcherServlet'
2025-08-08T16:50:27.349+05:30  INFO 30280 --- [ProviderService] [nio-8087-exec-1] o.s.web.servlet.DispatcherServlet        : Completed initialization in 1 ms
2025-08-11T15:28:19.297+05:30  INFO 30280 --- [ProviderService] [ionShutdownHook] o.s.b.w.e.tomcat.GracefulShutdown        : Commencing graceful shutdown. Waiting for active requests to complete
2025-08-11T15:28:19.651+05:30  INFO 30280 --- [ProviderService] [tomcat-shutdown] o.s.b.w.e.tomcat.GracefulShutdown        : Graceful shutdown complete
2025-08-11T15:28:19.796+05:30  INFO 30280 --- [ProviderService] [ionShutdownHook] j.LocalContainerEntityManagerFactoryBean : Closing JPA EntityManagerFactory for persistence unit 'default'
2025-08-11T15:28:19.882+05:30  INFO 30280 --- [ProviderService] [ionShutdownHook] com.zaxxer.hikari.HikariDataSource       : HikariPool-1 - Shutdown initiated...
2025-08-11T15:28:19.914+05:30  INFO 30280 --- [ProviderService] [ionShutdownHook] com.zaxxer.hikari.HikariDataSource       : HikariPool-1 - Shutdown completed.
